2016/08/08 16:04:57.107 [9] DEBUG VisaPointAutoRequest.FrmMain - .ctor - Initialize form
2016/08/08 16:04:59.191 [9] INFO  VisaPointAutoRequest.FrmMain - setPreCondition - It's 08/08/2016 16:04:59 now. Start working.
2016/08/08 16:04:59.195 [9] INFO  VisaPointAutoRequest.FrmMain - setPreCondition - Delay 58980 milisecs for application start
2016/08/08 16:05:58.307 [9] INFO  VisaPointAutoRequest.FrmMain - runBackgroundWork - Start work timer at 08/08/2016 16:05:58
2016/08/08 16:05:58.329 [11] INFO  VisaPointAutoRequest.FrmMain - startRequest - Start request at 08/08/2016 16:05:58
2016/08/08 16:06:59.927 [11] INFO  VisaPointAutoRequest.FrmMain - startRequest - WARNING!!! Send request at 08/08/2016 16:07:00
2016/08/08 16:07:58.331 [3] INFO  VisaPointAutoRequest.FrmMain - startRequest - Start request at 08/08/2016 16:07:58
2016/08/08 16:08:59.921 [3] INFO  VisaPointAutoRequest.FrmMain - startRequest - WARNING!!! Send request at 08/08/2016 16:09:00
2016/08/08 16:09:58.331 [11] INFO  VisaPointAutoRequest.FrmMain - startRequest - Start request at 08/08/2016 16:09:58
2016/08/08 16:10:59.916 [11] INFO  VisaPointAutoRequest.FrmMain - startRequest - WARNING!!! Send request at 08/08/2016 16:11:00
2016/08/08 16:11:58.337 [6] INFO  VisaPointAutoRequest.FrmMain - startRequest - Start request at 08/08/2016 16:11:58
2016/08/08 16:12:59.906 [6] INFO  VisaPointAutoRequest.FrmMain - startRequest - WARNING!!! Send request at 08/08/2016 16:12:59
2016/08/08 16:13:58.338 [3] INFO  VisaPointAutoRequest.FrmMain - startRequest - Start request at 08/08/2016 16:13:58
2016/08/08 16:38:37.773 [10] DEBUG VisaPointAutoRequest.FrmMain - .ctor - Initialize form
2016/08/08 16:38:40.397 [10] INFO  VisaPointAutoRequest.FrmMain - setPreCondition - It's 08/08/2016 16:38:40 now. Start working.
2016/08/08 16:38:40.403 [10] INFO  VisaPointAutoRequest.FrmMain - setPreCondition - Delay 58980 milisecs for application start
2016/08/08 16:39:39.502 [10] INFO  VisaPointAutoRequest.FrmMain - runBackgroundWork - Start work timer at 08/08/2016 16:39:39
2016/08/08 16:39:39.524 [11] INFO  VisaPointAutoRequest.FrmMain - startRequest - Start request at 08/08/2016 16:39:39
2016/08/08 17:10:16.561 [10] DEBUG VisaPointAutoRequest.FrmMain - .ctor - Initialize form
2016/08/08 17:10:18.768 [10] INFO  VisaPointAutoRequest.FrmMain - setPreCondition - It's 08/08/2016 17:10:18 now. Start working.
2016/08/08 17:10:18.771 [10] INFO  VisaPointAutoRequest.FrmMain - setPreCondition - Delay 58980 milisecs for application start
2016/08/08 17:11:17.865 [10] INFO  VisaPointAutoRequest.FrmMain - runBackgroundWork - Start work timer at 08/08/2016 17:11:17
2016/08/08 17:11:17.887 [12] INFO  VisaPointAutoRequest.FrmMain - startRequest - Start request at 08/08/2016 17:11:17
2016/08/09 17:37:14.743 [10] DEBUG VisaPointAutoRequest.FrmMain - .ctor - Initialize form
2016/08/09 17:47:33.502 [10] DEBUG VisaPointAutoRequest.FrmMain - .ctor - Initialize form
2016/08/09 17:48:17.044 [10] INFO  VisaPointAutoRequest.FrmMain - setPreCondition - It's 08/09/2016 17:48:17 now. Start working.
2016/08/09 17:48:17.048 [10] INFO  VisaPointAutoRequest.FrmMain - setPreCondition - Delay 58980 milisecs for application start
2016/08/09 17:49:16.143 [10] INFO  VisaPointAutoRequest.FrmMain - runBackgroundWork - Start work timer at 08/09/2016 17:49:16
2016/08/09 17:49:16.166 [11] INFO  VisaPointAutoRequest.FrmMain - startRequest - Start request at 08/09/2016 17:49:16
2016/08/09 17:49:59.927 [11] INFO  VisaPointAutoRequest.FrmMain - startRequest - WARNING!!! Send request at 08/09/2016 17:50:00
2016/08/09 17:50:16.167 [11] INFO  VisaPointAutoRequest.FrmMain - startRequest - Start request at 08/09/2016 17:50:16
2016/08/09 17:50:59.917 [11] INFO  VisaPointAutoRequest.FrmMain - startRequest - WARNING!!! Send request at 08/09/2016 17:51:00
2016/08/09 17:51:16.177 [11] INFO  VisaPointAutoRequest.FrmMain - startRequest - Start request at 08/09/2016 17:51:16
2016/08/09 17:52:23.623 [9] DEBUG VisaPointAutoRequest.FrmMain - .ctor - Initialize form
2016/08/09 17:52:43.961 [9] INFO  VisaPointAutoRequest.FrmMain - setPreCondition - It's 08/09/2016 17:52:44 now. Start working.
2016/08/09 17:52:43.966 [9] INFO  VisaPointAutoRequest.FrmMain - setPreCondition - Delay 58980 milisecs for application start
2016/08/09 17:53:43.096 [9] INFO  VisaPointAutoRequest.FrmMain - runBackgroundWork - Start work timer at 08/09/2016 17:53:43
2016/08/09 17:53:43.119 [11] INFO  VisaPointAutoRequest.FrmMain - startRequest - Start request at 08/09/2016 17:53:43
2016/08/09 17:53:59.914 [11] INFO  VisaPointAutoRequest.FrmMain - startRequest - WARNING!!! Send request at 08/09/2016 17:54:00
2016/08/09 17:54:00.312 [11] INFO  VisaPointAutoRequest.FrmMain - startRequest - Apointment Date : Tuesday, September 6, 2016   9:00 AM
2016/08/09 17:54:00.628 [11] INFO  VisaPointAutoRequest.FrmMain - startRequest - Request result: OPEN
2016/08/09 17:54:43.129 [4] INFO  VisaPointAutoRequest.FrmMain - startRequest - Start request at 08/09/2016 17:54:43
2016/08/09 17:54:59.906 [4] INFO  VisaPointAutoRequest.FrmMain - startRequest - WARNING!!! Send request at 08/09/2016 17:55:00
2016/08/09 17:55:00.245 [4] INFO  VisaPointAutoRequest.FrmMain - startRequest - Apointment Date : Thursday, September 1, 2016   9:00 AM
2016/08/09 17:55:00.555 [4] INFO  VisaPointAutoRequest.FrmMain - startRequest - Request result: OPEN
